2026-02-03 22:07:08.327 -05:00 [INF] 🗄️ Base de datos configurada
2026-02-03 22:07:08.605 -05:00 [INF] 🚀 Backend ORC Inversiones iniciado correctamente
2026-02-03 22:07:08.606 -05:00 [INF] 📊 Health checks disponibles en: /health, /health/ready, /health/live
2026-02-03 22:07:08.706 -05:00 [INF] 🌐 CORS configurado para: http://localhost:5173, https://frontedocrinversiones.onrender.com, https://orcinversionesperu.com, https://www.orcinversionesperu.com
2026-02-03 22:07:08.732 -05:00 [INF] Now listening on: http://localhost:5095
2026-02-03 22:07:08.735 -05:00 [INF] Application started. Press Ctrl+C to shut down.
2026-02-03 22:07:08.737 -05:00 [INF] Hosting environment: Development
2026-02-03 22:07:08.738 -05:00 [INF] Content root path: C:\Users\cater\source\repos\backendORCinverisones\backend
2026-02-03 22:09:04.321 -05:00 [INF] Application is shutting down...
2026-02-03 22:10:11.036 -05:00 [INF] 🗄️ Base de datos configurada
2026-02-03 22:10:11.204 -05:00 [INF] 🚀 Backend ORC Inversiones iniciado correctamente
2026-02-03 22:10:11.205 -05:00 [INF] 📊 Health checks disponibles en: /health, /health/ready, /health/live
2026-02-03 22:10:11.268 -05:00 [INF] 🌐 CORS configurado para: http://localhost:5173, https://frontedocrinversiones.onrender.com, https://orcinversionesperu.com, https://www.orcinversionesperu.com
2026-02-03 22:10:11.294 -05:00 [INF] Now listening on: http://localhost:5095
2026-02-03 22:10:11.297 -05:00 [INF] Application started. Press Ctrl+C to shut down.
2026-02-03 22:10:11.299 -05:00 [INF] Hosting environment: Development
2026-02-03 22:10:11.299 -05:00 [INF] Content root path: C:\Users\cater\source\repos\backendORCinverisones\backend
2026-02-03 22:10:15.207 -05:00 [INF] HTTP GET /api/nombremarcas responded 401 in 222.2286ms
2026-02-03 22:10:15.207 -05:00 [INF] HTTP GET /api/categories responded 401 in 222.2885ms
2026-02-03 22:10:15.207 -05:00 [INF] HTTP GET /api/products responded 401 in 222.2773ms
2026-02-03 22:10:15.225 -05:00 [INF] HTTP GET /api/categories responded 401 in 6.3679ms
2026-02-03 22:10:15.225 -05:00 [INF] HTTP GET /api/nombremarcas responded 401 in 6.3678ms
2026-02-03 22:10:18.393 -05:00 [WRN] Sensitive data logging is enabled. Log entries and exception messages may include sensitive application data; this mode should only be enabled during development.
2026-02-03 22:10:20.675 -05:00 [INF] Usuario admin ha iniciado sesión
2026-02-03 22:10:20.722 -05:00 [INF] HTTP POST /api/auth/login responded 200 in 2972.7342ms
2026-02-03 22:10:20.847 -05:00 [INF] ℹ️ Redis no configurado. Usando solo MemoryCache.
2026-02-03 22:10:21.014 -05:00 [INF] HTTP GET /api/categories responded 200 in 221.5383ms
2026-02-03 22:10:21.165 -05:00 [INF] HTTP GET /api/categories responded 200 in 150.3883ms
2026-02-03 22:10:21.556 -05:00 [INF] HTTP GET /api/nombremarcas responded 200 in 763.4822ms
2026-02-03 22:10:21.712 -05:00 [INF] HTTP GET /api/nombremarcas responded 200 in 154.9436ms
2026-02-03 22:10:23.121 -05:00 [INF] HTTP GET /api/products responded 200 in 2337.6305ms
2026-02-03 22:10:25.342 -05:00 [INF] ℹ️ Redis no configurado. Usando solo MemoryCache.
2026-02-03 22:10:25.465 -05:00 [INF] HTTP GET /api/categories responded 200 in 139.2573ms
2026-02-03 22:10:25.606 -05:00 [INF] HTTP GET /api/categories responded 200 in 139.7466ms
2026-02-03 22:10:27.290 -05:00 [INF] HTTP GET /api/products/available responded 200 in 1961.2498ms
2026-02-03 22:10:34.528 -05:00 [INF] HTTP GET /api/nombremarcas responded 200 in 138.8327ms
2026-02-03 22:10:34.534 -05:00 [INF] HTTP GET /api/categories responded 200 in 146.8628ms
2026-02-03 22:10:34.669 -05:00 [INF] HTTP GET /api/nombremarcas responded 200 in 140.3174ms
2026-02-03 22:10:34.674 -05:00 [INF] HTTP GET /api/categories responded 200 in 138.8393ms
2026-02-03 22:13:34.380 -05:00 [INF] Application is shutting down...
2026-02-03 22:28:38.858 -05:00 [INF] 🗄️ Base de datos configurada
2026-02-03 22:28:39.026 -05:00 [INF] 🚀 Backend ORC Inversiones iniciado correctamente
2026-02-03 22:28:39.027 -05:00 [INF] 📊 Health checks disponibles en: /health, /health/ready, /health/live
2026-02-03 22:28:39.088 -05:00 [INF] 🌐 CORS configurado para: http://localhost:5173, https://frontedocrinversiones.onrender.com, https://orcinversionesperu.com, https://www.orcinversionesperu.com
2026-02-03 22:28:39.114 -05:00 [INF] Now listening on: http://localhost:5095
2026-02-03 22:28:39.118 -05:00 [INF] Application started. Press Ctrl+C to shut down.
2026-02-03 22:28:39.119 -05:00 [INF] Hosting environment: Development
2026-02-03 22:28:39.120 -05:00 [INF] Content root path: C:\Users\cater\source\repos\backendORCinverisones\backend
2026-02-03 22:29:05.438 -05:00 [WRN] Sensitive data logging is enabled. Log entries and exception messages may include sensitive application data; this mode should only be enabled during development.
2026-02-03 22:29:05.622 -05:00 [INF] ℹ️ Redis no configurado. Usando solo MemoryCache.
2026-02-03 22:29:07.183 -05:00 [INF] HTTP GET /api/nombremarcas responded 200 in 2345.1907ms
2026-02-03 22:29:07.388 -05:00 [INF] HTTP GET /api/nombremarcas responded 200 in 206.5676ms
2026-02-03 22:29:07.659 -05:00 [INF] HTTP GET /api/categories responded 200 in 2822.0314ms
2026-02-03 22:29:07.802 -05:00 [INF] HTTP GET /api/categories responded 200 in 141.3771ms
2026-02-03 22:29:09.255 -05:00 [INF] HTTP GET /api/products responded 200 in 4417.8054ms
2026-02-03 22:29:25.726 -05:00 [INF] ℹ️ Redis no configurado. Usando solo MemoryCache.
2026-02-03 22:29:25.890 -05:00 [INF] HTTP GET /api/categories responded 200 in 166.8054ms
2026-02-03 22:29:25.915 -05:00 [INF] HTTP GET /api/nombremarcas responded 200 in 190.4711ms
2026-02-03 22:29:26.050 -05:00 [INF] HTTP GET /api/categories responded 200 in 158.7501ms
2026-02-03 22:29:26.097 -05:00 [INF] HTTP GET /api/nombremarcas responded 200 in 180.0556ms
2026-02-03 22:29:28.471 -05:00 [INF] HTTP GET /api/products responded 200 in 2747.9167ms
2026-02-03 22:30:49.906 -05:00 [INF] Application is shutting down...
